[2026-03-31 19:34:27,745]: INFO - Logging is working!
[2026-03-31 19:34:27,745]: INFO - Creating directory: .github/workflows
[2026-03-31 19:34:27,745]: INFO - Creating empty file: .github/workflows/.gitkeep
[2026-03-31 19:34:27,746]: INFO - Creating directory: src/agri_monitoring
[2026-03-31 19:34:27,746]: INFO - Creating empty file: src/agri_monitoring/__init__.py
[2026-03-31 19:34:27,746]: INFO - Creating directory: src/agri_monitoring/data
[2026-03-31 19:34:27,746]: INFO - Creating empty file: src/agri_monitoring/data/__init__.py
[2026-03-31 19:34:27,746]: INFO - Creating directory: src/agri_monitoring/features
[2026-03-31 19:34:27,746]: INFO - Creating empty file: src/agri_monitoring/features/__init__.py
[2026-03-31 19:34:27,746]: INFO - Creating directory: src/agri_monitoring/models
[2026-03-31 19:34:27,746]: INFO - Creating empty file: src/agri_monitoring/models/__init__.py
[2026-03-31 19:34:27,746]: INFO - Creating directory: src/agri_monitoring/pipeline
[2026-03-31 19:34:27,746]: INFO - Creating empty file: src/agri_monitoring/pipeline/__init__.py
[2026-03-31 19:34:27,746]: INFO - Creating directory: src/agri_monitoring/visualization
[2026-03-31 19:34:27,746]: INFO - Creating empty file: src/agri_monitoring/visualization/__init__.py
[2026-03-31 19:34:27,746]: INFO - Creating directory: src/agri_monitoring/data
[2026-03-31 19:34:27,746]: INFO - Creating empty file: src/agri_monitoring/data/data_loader.py
[2026-03-31 19:34:27,746]: INFO - Creating directory: src/agri_monitoring/features
[2026-03-31 19:34:27,746]: INFO - Creating empty file: src/agri_monitoring/features/feature_engineering.py
[2026-03-31 19:34:27,746]: INFO - Creating directory: src/agri_monitoring/features
[2026-03-31 19:34:27,746]: INFO - Creating empty file: src/agri_monitoring/features/labeling.py
[2026-03-31 19:34:27,746]: INFO - Creating directory: src/agri_monitoring/models
[2026-03-31 19:34:27,746]: INFO - Creating empty file: src/agri_monitoring/models/train_model.py
[2026-03-31 19:34:27,746]: INFO - Creating directory: src/agri_monitoring/models
[2026-03-31 19:34:27,746]: INFO - Creating empty file: src/agri_monitoring/models/predict.py
[2026-03-31 19:34:27,746]: INFO - Creating directory: src/agri_monitoring/pipeline
[2026-03-31 19:34:27,746]: INFO - Creating empty file: src/agri_monitoring/pipeline/data_pipeline.py
[2026-03-31 19:34:27,746]: INFO - Creating directory: src/agri_monitoring/visualization
[2026-03-31 19:34:27,746]: INFO - Creating empty file: src/agri_monitoring/visualization/visualize.py
[2026-03-31 19:34:27,746]: INFO - Creating directory: config
[2026-03-31 19:34:27,746]: INFO - Creating empty file: config/config.yaml
[2026-03-31 19:34:27,746]: INFO - Creating directory: data/raw
[2026-03-31 19:34:27,747]: INFO - Creating empty file: data/raw/.gitkeep
[2026-03-31 19:34:27,747]: INFO - Creating directory: data/processed
[2026-03-31 19:34:27,747]: INFO - Creating empty file: data/processed/.gitkeep
[2026-03-31 19:34:27,747]: INFO - Creating directory: models
[2026-03-31 19:34:27,747]: INFO - Creating empty file: models/.gitkeep
[2026-03-31 19:34:27,747]: INFO - Creating directory: reports
[2026-03-31 19:34:27,747]: INFO - Creating empty file: reports/.gitkeep
[2026-03-31 19:34:27,747]: INFO - Creating directory: notebooks
[2026-03-31 19:34:27,747]: INFO - experiments.ipynb already exists
[2026-03-31 19:34:27,747]: INFO - requirements.txt already exists
[2026-03-31 19:34:27,747]: INFO - Creating empty file: README.md
[2026-03-31 19:34:27,747]: INFO - Creating empty file: .gitignore
